<?xml version="1.0" encoding="UTF-8"?>
<!-- Generated by org.testng.reporters.JUnitXMLReporter -->
<testsuite ignored="0" hostname="DESKTOP-JPCO4DF" failures="0" tests="3" name="Test" time="61.134" errors="0" timestamp="06 Jun 2021 19:47:19 GMT">
  <testcase classname="com.jqueryui.testCases.TC_TestUI_001" name="LoginTest" time="6.663"/>
  <testcase classname="com.jqueryui.testCases.TC_TestUI_002" name="LoginTest" time="3.398"/>
  <testcase classname="com.jqueryui.testCases.TC_TestUI_003" name="LoginTest" time="27.279"/>
</testsuite> <!-- Test -->
