<?xml version="1.0" encoding="UTF-8"?>
<testng-results ignored="0" total="3" passed="3" failed="0" skipped="0">
  <reporter-output>
  </reporter-output>
  <suite started-at="2021-06-06T19:46:18Z" name="Suite" finished-at="2021-06-06T19:47:19Z" duration-ms="61134">
    <groups>
    </groups>
    <test started-at="2021-06-06T19:46:18Z" name="Test" finished-at="2021-06-06T19:47:19Z" duration-ms="61134">
      <class name="com.jqueryui.testCases.TC_TestUI_002">
        <test-method is-config="true" signature="Setup(java.lang.String)[pri:0, instance:com.jqueryui.testCases.TC_TestUI_002@4b741d6d]" started-at="2021-06-06T19:46:39Z" name="Setup" finished-at="2021-06-06T19:46:43Z" duration-ms="4689" status="PASS">
          <params>
            <param index="0">
              <value>
                <![CDATA[chrome]]>
              </value>
            </param>
          </params>
          <reporter-output>
          </reporter-output>
        </test-method> <!-- Setup -->
        <test-method signature="LoginTest()[pri:0, instance:com.jqueryui.testCases.TC_TestUI_002@4b741d6d]" started-at="2021-06-06T19:46:43Z" name="LoginTest" finished-at="2021-06-06T19:46:47Z" duration-ms="3398" status="PASS">
          <reporter-output>
          </reporter-output>
        </test-method> <!-- LoginTest -->
      </class> <!-- com.jqueryui.testCases.TC_TestUI_002 -->
      <class name="com.jqueryui.testCases.TC_TestUI_001">
        <test-method is-config="true" signature="Setup(java.lang.String)[pri:0, instance:com.jqueryui.testCases.TC_TestUI_001@15bb5034]" started-at="2021-06-06T19:46:18Z" name="Setup" finished-at="2021-06-06T19:46:32Z" duration-ms="13721" status="PASS">
          <params>
            <param index="0">
              <value>
                <![CDATA[chrome]]>
              </value>
            </param>
          </params>
          <reporter-output>
          </reporter-output>
        </test-method> <!-- Setup -->
        <test-method signature="LoginTest()[pri:0, instance:com.jqueryui.testCases.TC_TestUI_001@15bb5034]" started-at="2021-06-06T19:46:32Z" name="LoginTest" finished-at="2021-06-06T19:46:39Z" duration-ms="6663" status="PASS">
          <reporter-output>
          </reporter-output>
        </test-method> <!-- LoginTest -->
      </class> <!-- com.jqueryui.testCases.TC_TestUI_001 -->
      <class name="com.jqueryui.testCases.TC_TestUI_003">
        <test-method is-config="true" signature="Setup(java.lang.String)[pri:0, instance:com.jqueryui.testCases.TC_TestUI_003@2eae8e6e]" started-at="2021-06-06T19:46:47Z" name="Setup" finished-at="2021-06-06T19:46:52Z" duration-ms="5348" status="PASS">
          <params>
            <param index="0">
              <value>
                <![CDATA[chrome]]>
              </value>
            </param>
          </params>
          <reporter-output>
          </reporter-output>
        </test-method> <!-- Setup -->
        <test-method signature="LoginTest()[pri:0, instance:com.jqueryui.testCases.TC_TestUI_003@2eae8e6e]" started-at="2021-06-06T19:46:52Z" name="LoginTest" finished-at="2021-06-06T19:47:19Z" duration-ms="27279" status="PASS">
          <reporter-output>
          </reporter-output>
        </test-method> <!-- LoginTest -->
      </class> <!-- com.jqueryui.testCases.TC_TestUI_003 -->
    </test> <!-- Test -->
  </suite> <!-- Suite -->
</testng-results>
